2020-04-28 09:56:57.313 [http-nio-8888-exec-5] INFO  com.course.model.controller.UserManager - 查看到的结果是1
2020-04-28 09:56:57.812 [http-nio-8888-exec-6] INFO  com.course.model.controller.UserManager - 查看到的结果是0
2020-04-28 09:56:58.327 [http-nio-8888-exec-7] INFO  com.course.model.controller.UserManager - cookies为空
2020-04-28 09:56:58.328 [http-nio-8888-exec-7] INFO  com.course.model.controller.UserManager - 更新数据的条目数为:0
2020-04-28 10:10:39.706 [http-nio-8888-exec-1] INFO  com.course.model.controller.UserManager - 查看到的结果是1
2020-04-28 10:10:40.045 [http-nio-8888-exec-2] INFO  com.course.model.controller.UserManager - 查看到的结果是0
2020-04-28 10:10:40.428 [http-nio-8888-exec-3] INFO  com.course.model.controller.UserManager - cookies为空
2020-04-28 10:10:40.430 [http-nio-8888-exec-3] INFO  com.course.model.controller.UserManager - 更新数据的条目数为:0
2020-04-28 10:14:53.223 [main] INFO  com.course.model.Application - Starting Application on wkk with PID 7560 (D:\ide18-test\AutoTest\Chapter13\target\classes started by wkk in D:\ide18-test\AutoTest)
2020-04-28 10:14:53.236 [main] INFO  com.course.model.Application - No active profile set, falling back to default profiles: default
2020-04-28 10:14:53.416 [main] INFO  o.s.boot.web.servlet.context.AnnotationConfigServletWebServerApplicationContext - Refreshing org.springframework.boot.web.servlet.context.AnnotationConfigServletWebServerApplicationContext@49912c99: startup date [Tue Apr 28 10:14:53 CST 2020]; root of context hierarchy
2020-04-28 10:14:55.701 [main] WARN  org.mybatis.spring.mapper.ClassPathMapperScanner - No MyBatis mapper was found in '[com.course.model]' package. Please check your configuration.
2020-04-28 10:14:57.186 [main] INFO  o.s.context.support.PostProcessorRegistrationDelegate$BeanPostProcessorChecker - Bean 'org.springframework.transaction.annotation.ProxyTransactionManagementConfiguration' of type [org.springframework.transaction.annotation.ProxyTransactionManagementConfiguration$$EnhancerBySpringCGLIB$$58bd9157] is not eligible for getting processed by all BeanPostProcessors (for example: not eligible for auto-proxying)
2020-04-28 10:14:58.365 [main] INFO  org.springframework.boot.web.embedded.tomcat.TomcatWebServer - Tomcat initialized with port(s): 8888 (http)
2020-04-28 10:14:58.438 [main] INFO  org.apache.catalina.core.StandardService - Starting service [Tomcat]
2020-04-28 10:14:58.439 [main] INFO  org.apache.catalina.core.StandardEngine - Starting Servlet Engine: Apache Tomcat/8.5.28
2020-04-28 10:14:58.453 [localhost-startStop-1] INFO  org.apache.catalina.core.AprLifecycleListener - Loaded APR based Apache Tomcat Native library [1.2.16] using APR version [1.6.3].
2020-04-28 10:14:58.454 [localhost-startStop-1] INFO  org.apache.catalina.core.AprLifecycleListener - APR capabilities: IPv6 [true], sendfile [true], accept filters [false], random [true].
2020-04-28 10:14:58.455 [localhost-startStop-1] INFO  org.apache.catalina.core.AprLifecycleListener - APR/OpenSSL configuration: useAprConnector [false], useOpenSSL [true]
2020-04-28 10:14:59.720 [localhost-startStop-1] INFO  org.apache.catalina.core.AprLifecycleListener - OpenSSL successfully initialized [OpenSSL 1.0.2m  2 Nov 2017]
2020-04-28 10:15:00.207 [localhost-startStop-1] INFO  org.apache.catalina.core.ContainerBase.[Tomcat].[localhost].[/] - Initializing Spring embedded WebApplicationContext
2020-04-28 10:15:00.208 [localhost-startStop-1] INFO  org.springframework.web.context.ContextLoader - Root WebApplicationContext: initialization completed in 6793 ms
2020-04-28 10:15:00.730 [localhost-startStop-1] INFO  org.springframework.boot.web.servlet.ServletRegistrationBean - Servlet dispatcherServlet mapped to [/]
2020-04-28 10:15:00.748 [localhost-startStop-1] INFO  org.springframework.boot.web.servlet.FilterRegistrationBean - Mapping filter: 'characterEncodingFilter' to: [/*]
2020-04-28 10:15:00.749 [localhost-startStop-1] INFO  org.springframework.boot.web.servlet.FilterRegistrationBean - Mapping filter: 'hiddenHttpMethodFilter' to: [/*]
2020-04-28 10:15:00.750 [localhost-startStop-1] INFO  org.springframework.boot.web.servlet.FilterRegistrationBean - Mapping filter: 'httpPutFormContentFilter' to: [/*]
2020-04-28 10:15:00.751 [localhost-startStop-1] INFO  org.springframework.boot.web.servlet.FilterRegistrationBean - Mapping filter: 'requestContextFilter' to: [/*]
2020-04-28 10:15:03.348 [main] INFO  o.springframework.web.servlet.mvc.method.annotation.RequestMappingHandlerMapping - Mapped "{[/v1/getUserInfo],methods=[POST]}" onto public java.util.List<com.course.model.model.User> com.course.model.controller.UserManager.getUserInfo(javax.servlet.http.HttpServletRequest,com.course.model.model.User)
2020-04-28 10:15:03.353 [main] INFO  o.springframework.web.servlet.mvc.method.annotation.RequestMappingHandlerMapping - Mapped "{[/v1/addUser],methods=[POST]}" onto public boolean com.course.model.controller.UserManager.addUser(javax.servlet.http.HttpServletRequest,com.course.model.model.User)
2020-04-28 10:15:03.356 [main] INFO  o.springframework.web.servlet.mvc.method.annotation.RequestMappingHandlerMapping - Mapped "{[/v1/login],methods=[POST]}" onto public java.lang.Boolean com.course.model.controller.UserManager.login(javax.servlet.http.HttpServletResponse,com.course.model.model.User)
2020-04-28 10:15:03.357 [main] INFO  o.springframework.web.servlet.mvc.method.annotation.RequestMappingHandlerMapping - Mapped "{[/v1/updateUserInfo],methods=[POST]}" onto public int com.course.model.controller.UserManager.updateUser(javax.servlet.http.HttpServletRequest,com.course.model.model.User)
2020-04-28 10:15:03.361 [main] INFO  o.springframework.web.servlet.mvc.method.annotation.RequestMappingHandlerMapping - Mapped "{[/v2/api-docs],methods=[GET],produces=[application/json || application/hal+json]}" onto public org.springframework.http.ResponseEntity<springfox.documentation.spring.web.json.Json> springfox.documentation.swagger2.web.Swagger2Controller.getDocumentation(java.lang.String,javax.servlet.http.HttpServletRequest)
2020-04-28 10:15:03.372 [main] INFO  o.springframework.web.servlet.mvc.method.annotation.RequestMappingHandlerMapping - Mapped "{[/swagger-resources/configuration/ui]}" onto org.springframework.http.ResponseEntity<springfox.documentation.swagger.web.UiConfiguration> springfox.documentation.swagger.web.ApiResourceController.uiConfiguration()
2020-04-28 10:15:03.377 [main] INFO  o.springframework.web.servlet.mvc.method.annotation.RequestMappingHandlerMapping - Mapped "{[/swagger-resources]}" onto org.springframework.http.ResponseEntity<java.util.List<springfox.documentation.swagger.web.SwaggerResource>> springfox.documentation.swagger.web.ApiResourceController.swaggerResources()
2020-04-28 10:15:03.380 [main] INFO  o.springframework.web.servlet.mvc.method.annotation.RequestMappingHandlerMapping - Mapped "{[/swagger-resources/configuration/security]}" onto org.springframework.http.ResponseEntity<springfox.documentation.swagger.web.SecurityConfiguration> springfox.documentation.swagger.web.ApiResourceController.securityConfiguration()
2020-04-28 10:15:03.398 [main] INFO  o.springframework.web.servlet.mvc.method.annotation.RequestMappingHandlerMapping - Mapped "{[/error]}" onto public org.springframework.http.ResponseEntity<java.util.Map<java.lang.String, java.lang.Object>> org.springframework.boot.autoconfigure.web.servlet.error.BasicErrorController.error(javax.servlet.http.HttpServletRequest)
2020-04-28 10:15:03.401 [main] INFO  o.springframework.web.servlet.mvc.method.annotation.RequestMappingHandlerMapping - Mapped "{[/error],produces=[text/html]}" onto public org.springframework.web.servlet.ModelAndView org.springframework.boot.autoconfigure.web.servlet.error.BasicErrorController.errorHtml(javax.servlet.http.HttpServletRequest,javax.servlet.http.HttpServletResponse)
2020-04-28 10:15:04.661 [main] INFO  o.springframework.web.servlet.mvc.method.annotation.RequestMappingHandlerAdapter - Looking for @ControllerAdvice: org.springframework.boot.web.servlet.context.AnnotationConfigServletWebServerApplicationContext@49912c99: startup date [Tue Apr 28 10:14:53 CST 2020]; root of context hierarchy
2020-04-28 10:15:04.861 [main] INFO  org.springframework.web.servlet.handler.SimpleUrlHandlerMapping - Mapped URL path [/webjars/**] onto handler of type [class org.springframework.web.servlet.resource.ResourceHttpRequestHandler]
2020-04-28 10:15:04.862 [main] INFO  org.springframework.web.servlet.handler.SimpleUrlHandlerMapping - Mapped URL path [/**] onto handler of type [class org.springframework.web.servlet.resource.ResourceHttpRequestHandler]
2020-04-28 10:15:05.001 [main] INFO  org.springframework.web.servlet.handler.SimpleUrlHandlerMapping - Mapped URL path [/**/favicon.ico] onto handler of type [class org.springframework.web.servlet.resource.ResourceHttpRequestHandler]
2020-04-28 10:15:05.868 [main] INFO  org.springframework.jmx.export.annotation.AnnotationMBeanExporter - Registering beans for JMX exposure on startup
2020-04-28 10:15:05.875 [main] INFO  org.springframework.jmx.export.annotation.AnnotationMBeanExporter - Bean with name 'dataSource' has been autodetected for JMX exposure
2020-04-28 10:15:05.903 [main] INFO  org.springframework.jmx.export.annotation.AnnotationMBeanExporter - Located MBean 'dataSource': registering with JMX server as MBean [com.zaxxer.hikari:name=dataSource,type=HikariDataSource]
2020-04-28 10:15:05.915 [main] INFO  org.springframework.context.support.DefaultLifecycleProcessor - Starting beans in phase 2147483647
2020-04-28 10:15:05.916 [main] INFO  springfox.documentation.spring.web.plugins.DocumentationPluginsBootstrapper - Context refreshed
2020-04-28 10:15:05.967 [main] INFO  springfox.documentation.spring.web.plugins.DocumentationPluginsBootstrapper - Found 1 custom documentation plugin(s)
2020-04-28 10:15:06.009 [main] INFO  springfox.documentation.spring.web.scanners.ApiListingReferenceScanner - Scanning for api listing references
2020-04-28 10:15:06.993 [main] INFO  org.springframework.boot.web.embedded.tomcat.TomcatWebServer - Tomcat started on port(s): 8888 (http) with context path ''
2020-04-28 10:15:07.005 [main] INFO  com.course.model.Application - Started Application in 15.89 seconds (JVM running for 22.685)
2020-04-28 10:15:29.989 [http-nio-8888-exec-1] INFO  org.apache.catalina.core.ContainerBase.[Tomcat].[localhost].[/] - Initializing Spring FrameworkServlet 'dispatcherServlet'
2020-04-28 10:15:29.989 [http-nio-8888-exec-1] INFO  org.springframework.web.servlet.DispatcherServlet - FrameworkServlet 'dispatcherServlet': initialization started
2020-04-28 10:15:30.009 [http-nio-8888-exec-1] INFO  org.springframework.web.servlet.DispatcherServlet - FrameworkServlet 'dispatcherServlet': initialization completed in 20 ms
2020-04-28 10:15:30.225 [http-nio-8888-exec-1] INFO  com.zaxxer.hikari.HikariDataSource - HikariPool-1 - Starting...
2020-04-28 10:15:30.996 [http-nio-8888-exec-1] INFO  com.zaxxer.hikari.HikariDataSource - HikariPool-1 - Start completed.
2020-04-28 10:15:31.101 [http-nio-8888-exec-1] INFO  com.course.model.controller.UserManager - 查看到的结果是1
2020-04-28 10:15:31.626 [http-nio-8888-exec-2] INFO  com.course.model.controller.UserManager - 查看到的结果是0
2020-04-28 10:15:32.120 [http-nio-8888-exec-3] INFO  com.course.model.controller.UserManager - cookies为空
2020-04-28 10:15:32.121 [http-nio-8888-exec-3] INFO  com.course.model.controller.UserManager - 更新数据的条目数为:0
2020-04-28 10:35:49.971 [http-nio-8888-exec-7] INFO  com.course.model.controller.UserManager - 查看到的结果是1
2020-04-28 10:35:50.280 [http-nio-8888-exec-8] INFO  com.course.model.controller.UserManager - 查看到的结果是0
2020-04-28 10:35:50.589 [http-nio-8888-exec-9] INFO  com.course.model.controller.UserManager - cookies为空
2020-04-28 10:35:50.590 [http-nio-8888-exec-9] INFO  com.course.model.controller.UserManager - 更新数据的条目数为:0
2020-04-28 11:24:14.720 [http-nio-8888-exec-3] INFO  com.course.model.controller.UserManager - 查看到的结果是1
2020-04-28 11:24:15.244 [http-nio-8888-exec-4] INFO  com.course.model.controller.UserManager - 查看到的结果是0
2020-04-28 11:24:15.673 [http-nio-8888-exec-5] INFO  com.course.model.controller.UserManager - cookies为空
2020-04-28 11:24:15.673 [http-nio-8888-exec-5] INFO  com.course.model.controller.UserManager - 更新数据的条目数为:0
2020-04-28 11:26:08.152 [http-nio-8888-exec-9] INFO  com.course.model.controller.UserManager - 查看到的结果是1
2020-04-28 11:26:08.524 [http-nio-8888-exec-10] INFO  com.course.model.controller.UserManager - 查看到的结果是0
2020-04-28 11:26:09.049 [http-nio-8888-exec-1] INFO  com.course.model.controller.UserManager - cookies验证通过
2020-04-28 11:26:09.171 [http-nio-8888-exec-1] INFO  com.course.model.controller.UserManager - 更新数据的条目数为:1
2020-04-28 11:28:38.866 [http-nio-8888-exec-5] INFO  com.course.model.controller.UserManager - 查看到的结果是1
2020-04-28 11:28:38.927 [http-nio-8888-exec-6] INFO  com.course.model.controller.UserManager - 查看到的结果是0
2020-04-28 11:28:38.998 [http-nio-8888-exec-7] INFO  com.course.model.controller.UserManager - cookies验证通过
2020-04-28 11:28:39.004 [http-nio-8888-exec-7] INFO  com.course.model.controller.UserManager - 更新数据的条目数为:1
2020-04-28 11:30:05.309 [http-nio-8888-exec-1] INFO  com.course.model.controller.UserManager - 查看到的结果是1
2020-04-28 11:30:05.610 [http-nio-8888-exec-2] INFO  com.course.model.controller.UserManager - 查看到的结果是0
2020-04-28 11:30:06.151 [http-nio-8888-exec-3] INFO  com.course.model.controller.UserManager - cookies验证通过
2020-04-28 11:30:06.164 [http-nio-8888-exec-3] INFO  com.course.model.controller.UserManager - 更新数据的条目数为:1
2020-04-28 11:32:21.120 [main] INFO  com.course.model.Application - Starting Application on wkk with PID 6452 (D:\ide18-test\AutoTest\Chapter13\target\classes started by wkk in D:\ide18-test\AutoTest)
2020-04-28 11:32:21.133 [main] INFO  com.course.model.Application - No active profile set, falling back to default profiles: default
2020-04-28 11:32:21.213 [main] INFO  o.s.boot.web.servlet.context.AnnotationConfigServletWebServerApplicationContext - Refreshing org.springframework.boot.web.servlet.context.AnnotationConfigServletWebServerApplicationContext@49912c99: startup date [Tue Apr 28 11:32:21 CST 2020]; root of context hierarchy
2020-04-28 11:32:22.552 [main] WARN  org.mybatis.spring.mapper.ClassPathMapperScanner - No MyBatis mapper was found in '[com.course.model]' package. Please check your configuration.
2020-04-28 11:32:23.006 [main] INFO  o.s.context.support.PostProcessorRegistrationDelegate$BeanPostProcessorChecker - Bean 'org.springframework.transaction.annotation.ProxyTransactionManagementConfiguration' of type [org.springframework.transaction.annotation.ProxyTransactionManagementConfiguration$$EnhancerBySpringCGLIB$$99fa0d82] is not eligible for getting processed by all BeanPostProcessors (for example: not eligible for auto-proxying)
2020-04-28 11:32:23.965 [main] INFO  org.springframework.boot.web.embedded.tomcat.TomcatWebServer - Tomcat initialized with port(s): 8888 (http)
2020-04-28 11:32:24.084 [main] INFO  org.apache.catalina.core.StandardService - Starting service [Tomcat]
2020-04-28 11:32:24.085 [main] INFO  org.apache.catalina.core.StandardEngine - Starting Servlet Engine: Apache Tomcat/8.5.28
2020-04-28 11:32:24.102 [localhost-startStop-1] INFO  org.apache.catalina.core.AprLifecycleListener - Loaded APR based Apache Tomcat Native library [1.2.16] using APR version [1.6.3].
2020-04-28 11:32:24.104 [localhost-startStop-1] INFO  org.apache.catalina.core.AprLifecycleListener - APR capabilities: IPv6 [true], sendfile [true], accept filters [false], random [true].
2020-04-28 11:32:24.105 [localhost-startStop-1] INFO  org.apache.catalina.core.AprLifecycleListener - APR/OpenSSL configuration: useAprConnector [false], useOpenSSL [true]
2020-04-28 11:32:25.303 [localhost-startStop-1] INFO  org.apache.catalina.core.AprLifecycleListener - OpenSSL successfully initialized [OpenSSL 1.0.2m  2 Nov 2017]
2020-04-28 11:32:25.678 [localhost-startStop-1] INFO  org.apache.catalina.core.ContainerBase.[Tomcat].[localhost].[/] - Initializing Spring embedded WebApplicationContext
2020-04-28 11:32:25.679 [localhost-startStop-1] INFO  org.springframework.web.context.ContextLoader - Root WebApplicationContext: initialization completed in 4467 ms
2020-04-28 11:32:26.143 [localhost-startStop-1] INFO  org.springframework.boot.web.servlet.ServletRegistrationBean - Servlet dispatcherServlet mapped to [/]
2020-04-28 11:32:26.158 [localhost-startStop-1] INFO  org.springframework.boot.web.servlet.FilterRegistrationBean - Mapping filter: 'characterEncodingFilter' to: [/*]
2020-04-28 11:32:26.159 [localhost-startStop-1] INFO  org.springframework.boot.web.servlet.FilterRegistrationBean - Mapping filter: 'hiddenHttpMethodFilter' to: [/*]
2020-04-28 11:32:26.160 [localhost-startStop-1] INFO  org.springframework.boot.web.servlet.FilterRegistrationBean - Mapping filter: 'httpPutFormContentFilter' to: [/*]
2020-04-28 11:32:26.160 [localhost-startStop-1] INFO  org.springframework.boot.web.servlet.FilterRegistrationBean - Mapping filter: 'requestContextFilter' to: [/*]
2020-04-28 11:32:28.663 [main] INFO  o.springframework.web.servlet.mvc.method.annotation.RequestMappingHandlerMapping - Mapped "{[/v1/getUserInfo],methods=[POST]}" onto public java.util.List<com.course.model.model.User> com.course.model.controller.UserManager.getUserInfo(javax.servlet.http.HttpServletRequest,com.course.model.model.User)
2020-04-28 11:32:28.668 [main] INFO  o.springframework.web.servlet.mvc.method.annotation.RequestMappingHandlerMapping - Mapped "{[/v1/updateUserInfo],methods=[POST]}" onto public int com.course.model.controller.UserManager.updateUser(javax.servlet.http.HttpServletRequest,com.course.model.model.User)
2020-04-28 11:32:28.670 [main] INFO  o.springframework.web.servlet.mvc.method.annotation.RequestMappingHandlerMapping - Mapped "{[/v1/addUser],methods=[POST]}" onto public boolean com.course.model.controller.UserManager.addUser(javax.servlet.http.HttpServletRequest,com.course.model.model.User)
2020-04-28 11:32:28.672 [main] INFO  o.springframework.web.servlet.mvc.method.annotation.RequestMappingHandlerMapping - Mapped "{[/v1/login],methods=[POST]}" onto public java.lang.Boolean com.course.model.controller.UserManager.login(javax.servlet.http.HttpServletResponse,com.course.model.model.User)
2020-04-28 11:32:28.676 [main] INFO  o.springframework.web.servlet.mvc.method.annotation.RequestMappingHandlerMapping - Mapped "{[/v2/api-docs],methods=[GET],produces=[application/json || application/hal+json]}" onto public org.springframework.http.ResponseEntity<springfox.documentation.spring.web.json.Json> springfox.documentation.swagger2.web.Swagger2Controller.getDocumentation(java.lang.String,javax.servlet.http.HttpServletRequest)
2020-04-28 11:32:28.689 [main] INFO  o.springframework.web.servlet.mvc.method.annotation.RequestMappingHandlerMapping - Mapped "{[/swagger-resources]}" onto org.springframework.http.ResponseEntity<java.util.List<springfox.documentation.swagger.web.SwaggerResource>> springfox.documentation.swagger.web.ApiResourceController.swaggerResources()
2020-04-28 11:32:28.692 [main] INFO  o.springframework.web.servlet.mvc.method.annotation.RequestMappingHandlerMapping - Mapped "{[/swagger-resources/configuration/ui]}" onto org.springframework.http.ResponseEntity<springfox.documentation.swagger.web.UiConfiguration> springfox.documentation.swagger.web.ApiResourceController.uiConfiguration()
2020-04-28 11:32:28.694 [main] INFO  o.springframework.web.servlet.mvc.method.annotation.RequestMappingHandlerMapping - Mapped "{[/swagger-resources/configuration/security]}" onto org.springframework.http.ResponseEntity<springfox.documentation.swagger.web.SecurityConfiguration> springfox.documentation.swagger.web.ApiResourceController.securityConfiguration()
2020-04-28 11:32:28.712 [main] INFO  o.springframework.web.servlet.mvc.method.annotation.RequestMappingHandlerMapping - Mapped "{[/error]}" onto public org.springframework.http.ResponseEntity<java.util.Map<java.lang.String, java.lang.Object>> org.springframework.boot.autoconfigure.web.servlet.error.BasicErrorController.error(javax.servlet.http.HttpServletRequest)
2020-04-28 11:32:28.714 [main] INFO  o.springframework.web.servlet.mvc.method.annotation.RequestMappingHandlerMapping - Mapped "{[/error],produces=[text/html]}" onto public org.springframework.web.servlet.ModelAndView org.springframework.boot.autoconfigure.web.servlet.error.BasicErrorController.errorHtml(javax.servlet.http.HttpServletRequest,javax.servlet.http.HttpServletResponse)
2020-04-28 11:32:29.859 [main] INFO  o.springframework.web.servlet.mvc.method.annotation.RequestMappingHandlerAdapter - Looking for @ControllerAdvice: org.springframework.boot.web.servlet.context.AnnotationConfigServletWebServerApplicationContext@49912c99: startup date [Tue Apr 28 11:32:21 CST 2020]; root of context hierarchy
2020-04-28 11:32:30.046 [main] INFO  org.springframework.web.servlet.handler.SimpleUrlHandlerMapping - Mapped URL path [/webjars/**] onto handler of type [class org.springframework.web.servlet.resource.ResourceHttpRequestHandler]
2020-04-28 11:32:30.047 [main] INFO  org.springframework.web.servlet.handler.SimpleUrlHandlerMapping - Mapped URL path [/**] onto handler of type [class org.springframework.web.servlet.resource.ResourceHttpRequestHandler]
2020-04-28 11:32:30.180 [main] INFO  org.springframework.web.servlet.handler.SimpleUrlHandlerMapping - Mapped URL path [/**/favicon.ico] onto handler of type [class org.springframework.web.servlet.resource.ResourceHttpRequestHandler]
2020-04-28 11:32:31.076 [main] INFO  org.springframework.jmx.export.annotation.AnnotationMBeanExporter - Registering beans for JMX exposure on startup
2020-04-28 11:32:31.082 [main] INFO  org.springframework.jmx.export.annotation.AnnotationMBeanExporter - Bean with name 'dataSource' has been autodetected for JMX exposure
2020-04-28 11:32:31.105 [main] INFO  org.springframework.jmx.export.annotation.AnnotationMBeanExporter - Located MBean 'dataSource': registering with JMX server as MBean [com.zaxxer.hikari:name=dataSource,type=HikariDataSource]
2020-04-28 11:32:31.122 [main] INFO  org.springframework.context.support.DefaultLifecycleProcessor - Starting beans in phase 2147483647
2020-04-28 11:32:31.123 [main] INFO  springfox.documentation.spring.web.plugins.DocumentationPluginsBootstrapper - Context refreshed
2020-04-28 11:32:31.182 [main] INFO  springfox.documentation.spring.web.plugins.DocumentationPluginsBootstrapper - Found 1 custom documentation plugin(s)
2020-04-28 11:32:31.232 [main] INFO  springfox.documentation.spring.web.scanners.ApiListingReferenceScanner - Scanning for api listing references
2020-04-28 11:32:32.300 [main] INFO  org.springframework.boot.web.embedded.tomcat.TomcatWebServer - Tomcat started on port(s): 8888 (http) with context path ''
2020-04-28 11:32:32.309 [main] INFO  com.course.model.Application - Started Application in 12.919 seconds (JVM running for 15.556)
2020-04-28 12:19:02.748 [http-nio-8888-exec-1] INFO  org.apache.catalina.core.ContainerBase.[Tomcat].[localhost].[/] - Initializing Spring FrameworkServlet 'dispatcherServlet'
2020-04-28 12:19:02.752 [http-nio-8888-exec-1] INFO  org.springframework.web.servlet.DispatcherServlet - FrameworkServlet 'dispatcherServlet': initialization started
2020-04-28 12:19:02.864 [http-nio-8888-exec-1] INFO  org.springframework.web.servlet.DispatcherServlet - FrameworkServlet 'dispatcherServlet': initialization completed in 110 ms
2020-04-28 12:19:03.149 [http-nio-8888-exec-1] INFO  com.zaxxer.hikari.HikariDataSource - HikariPool-1 - Starting...
2020-04-28 12:19:03.697 [http-nio-8888-exec-1] INFO  com.zaxxer.hikari.HikariDataSource - HikariPool-1 - Start completed.
2020-04-28 12:19:03.776 [http-nio-8888-exec-1] INFO  com.course.model.controller.UserManager - 查看到的结果是1
2020-04-28 12:19:04.585 [http-nio-8888-exec-2] INFO  com.course.model.controller.UserManager - 查看到的结果是0
2020-04-28 12:19:04.984 [http-nio-8888-exec-3] INFO  com.course.model.controller.UserManager - cookies验证通过
2020-04-28 12:19:05.065 [http-nio-8888-exec-3] INFO  com.course.model.controller.UserManager - 更新数据的条目数为:1
2020-04-28 12:21:03.119 [http-nio-8888-exec-7] INFO  com.course.model.controller.UserManager - 查看到的结果是1
2020-04-28 12:21:03.186 [http-nio-8888-exec-8] INFO  com.course.model.controller.UserManager - 查看到的结果是0
2020-04-28 12:21:03.266 [http-nio-8888-exec-9] INFO  com.course.model.controller.UserManager - cookies验证通过
2020-04-28 12:21:03.276 [http-nio-8888-exec-9] INFO  com.course.model.controller.UserManager - 更新数据的条目数为:1
2020-04-28 12:21:50.135 [http-nio-8888-exec-3] INFO  com.course.model.controller.UserManager - 查看到的结果是1
2020-04-28 12:21:50.449 [http-nio-8888-exec-4] INFO  com.course.model.controller.UserManager - 查看到的结果是0
2020-04-28 12:21:50.873 [http-nio-8888-exec-5] INFO  com.course.model.controller.UserManager - cookies验证通过
2020-04-28 12:21:50.882 [http-nio-8888-exec-5] INFO  com.course.model.controller.UserManager - 添加用户的数量是:1
2020-04-28 12:21:56.453 [http-nio-8888-exec-6] INFO  com.course.model.controller.UserManager - cookies验证通过
2020-04-28 12:21:56.489 [http-nio-8888-exec-6] INFO  com.course.model.controller.UserManager - getUserInfo获取到的用户数量是1
2020-04-28 12:22:01.850 [http-nio-8888-exec-7] INFO  com.course.model.controller.UserManager - cookies验证通过
2020-04-28 12:22:01.854 [http-nio-8888-exec-7] INFO  com.course.model.controller.UserManager - 更新数据的条目数为:1
2020-04-28 12:22:07.758 [http-nio-8888-exec-8] INFO  com.course.model.controller.UserManager - cookies验证通过
2020-04-28 12:22:07.774 [http-nio-8888-exec-8] INFO  com.course.model.controller.UserManager - 更新数据的条目数为:1
2020-04-28 12:22:13.061 [http-nio-8888-exec-4] INFO  com.course.model.controller.UserManager - cookies验证通过
2020-04-28 12:22:13.071 [http-nio-8888-exec-4] INFO  com.course.model.controller.UserManager - getUserInfo获取到的用户数量是1
2020-04-28 12:25:28.086 [main] INFO  com.course.model.Application - Starting Application on wkk with PID 18364 (D:\ide18-test\AutoTest\Chapter13\target\classes started by wkk in D:\ide18-test\AutoTest)
2020-04-28 12:25:28.092 [main] INFO  com.course.model.Application - No active profile set, falling back to default profiles: default
2020-04-28 12:25:28.318 [main] INFO  o.s.boot.web.servlet.context.AnnotationConfigServletWebServerApplicationContext - Refreshing org.springframework.boot.web.servlet.context.AnnotationConfigServletWebServerApplicationContext@10163d6: startup date [Tue Apr 28 12:25:28 CST 2020]; root of context hierarchy
2020-04-28 12:25:29.521 [main] WARN  org.mybatis.spring.mapper.ClassPathMapperScanner - No MyBatis mapper was found in '[com.course.model]' package. Please check your configuration.
2020-04-28 12:25:30.831 [main] INFO  o.s.context.support.PostProcessorRegistrationDelegate$BeanPostProcessorChecker - Bean 'org.springframework.transaction.annotation.ProxyTransactionManagementConfiguration' of type [org.springframework.transaction.annotation.ProxyTransactionManagementConfiguration$$EnhancerBySpringCGLIB$$540f50bd] is not eligible for getting processed by all BeanPostProcessors (for example: not eligible for auto-proxying)
2020-04-28 12:25:32.050 [main] INFO  org.springframework.boot.web.embedded.tomcat.TomcatWebServer - Tomcat initialized with port(s): 8888 (http)
2020-04-28 12:25:32.175 [main] INFO  org.apache.catalina.core.StandardService - Starting service [Tomcat]
2020-04-28 12:25:32.176 [main] INFO  org.apache.catalina.core.StandardEngine - Starting Servlet Engine: Apache Tomcat/8.5.28
2020-04-28 12:25:32.196 [localhost-startStop-1] INFO  org.apache.catalina.core.AprLifecycleListener - Loaded APR based Apache Tomcat Native library [1.2.16] using APR version [1.6.3].
2020-04-28 12:25:32.197 [localhost-startStop-1] INFO  org.apache.catalina.core.AprLifecycleListener - APR capabilities: IPv6 [true], sendfile [true], accept filters [false], random [true].
2020-04-28 12:25:32.198 [localhost-startStop-1] INFO  org.apache.catalina.core.AprLifecycleListener - APR/OpenSSL configuration: useAprConnector [false], useOpenSSL [true]
2020-04-28 12:25:33.535 [localhost-startStop-1] INFO  org.apache.catalina.core.AprLifecycleListener - OpenSSL successfully initialized [OpenSSL 1.0.2m  2 Nov 2017]
2020-04-28 12:25:33.965 [localhost-startStop-1] INFO  org.apache.catalina.core.ContainerBase.[Tomcat].[localhost].[/] - Initializing Spring embedded WebApplicationContext
2020-04-28 12:25:33.965 [localhost-startStop-1] INFO  org.springframework.web.context.ContextLoader - Root WebApplicationContext: initialization completed in 5647 ms
2020-04-28 12:25:34.625 [localhost-startStop-1] INFO  org.springframework.boot.web.servlet.ServletRegistrationBean - Servlet dispatcherServlet mapped to [/]
2020-04-28 12:25:34.644 [localhost-startStop-1] INFO  org.springframework.boot.web.servlet.FilterRegistrationBean - Mapping filter: 'characterEncodingFilter' to: [/*]
2020-04-28 12:25:34.645 [localhost-startStop-1] INFO  org.springframework.boot.web.servlet.FilterRegistrationBean - Mapping filter: 'hiddenHttpMethodFilter' to: [/*]
2020-04-28 12:25:34.646 [localhost-startStop-1] INFO  org.springframework.boot.web.servlet.FilterRegistrationBean - Mapping filter: 'httpPutFormContentFilter' to: [/*]
2020-04-28 12:25:34.646 [localhost-startStop-1] INFO  org.springframework.boot.web.servlet.FilterRegistrationBean - Mapping filter: 'requestContextFilter' to: [/*]
2020-04-28 12:25:38.115 [main] INFO  o.springframework.web.servlet.mvc.method.annotation.RequestMappingHandlerMapping - Mapped "{[/v1/getUserInfo],methods=[POST]}" onto public java.util.List<com.course.model.model.User> com.course.model.controller.UserManager.getUserInfo(javax.servlet.http.HttpServletRequest,com.course.model.model.User)
2020-04-28 12:25:38.121 [main] INFO  o.springframework.web.servlet.mvc.method.annotation.RequestMappingHandlerMapping - Mapped "{[/v1/addUser],methods=[POST]}" onto public boolean com.course.model.controller.UserManager.addUser(javax.servlet.http.HttpServletRequest,com.course.model.model.User)
2020-04-28 12:25:38.125 [main] INFO  o.springframework.web.servlet.mvc.method.annotation.RequestMappingHandlerMapping - Mapped "{[/v1/updateUserInfo],methods=[POST]}" onto public int com.course.model.controller.UserManager.updateUser(javax.servlet.http.HttpServletRequest,com.course.model.model.User)
2020-04-28 12:25:38.128 [main] INFO  o.springframework.web.servlet.mvc.method.annotation.RequestMappingHandlerMapping - Mapped "{[/v1/login],methods=[POST]}" onto public java.lang.Boolean com.course.model.controller.UserManager.login(javax.servlet.http.HttpServletResponse,com.course.model.model.User)
2020-04-28 12:25:38.133 [main] INFO  o.springframework.web.servlet.mvc.method.annotation.RequestMappingHandlerMapping - Mapped "{[/v2/api-docs],methods=[GET],produces=[application/json || application/hal+json]}" onto public org.springframework.http.ResponseEntity<springfox.documentation.spring.web.json.Json> springfox.documentation.swagger2.web.Swagger2Controller.getDocumentation(java.lang.String,javax.servlet.http.HttpServletRequest)
2020-04-28 12:25:38.160 [main] INFO  o.springframework.web.servlet.mvc.method.annotation.RequestMappingHandlerMapping - Mapped "{[/swagger-resources/configuration/ui]}" onto org.springframework.http.ResponseEntity<springfox.documentation.swagger.web.UiConfiguration> springfox.documentation.swagger.web.ApiResourceController.uiConfiguration()
2020-04-28 12:25:38.165 [main] INFO  o.springframework.web.servlet.mvc.method.annotation.RequestMappingHandlerMapping - Mapped "{[/swagger-resources]}" onto org.springframework.http.ResponseEntity<java.util.List<springfox.documentation.swagger.web.SwaggerResource>> springfox.documentation.swagger.web.ApiResourceController.swaggerResources()
2020-04-28 12:25:38.170 [main] INFO  o.springframework.web.servlet.mvc.method.annotation.RequestMappingHandlerMapping - Mapped "{[/swagger-resources/configuration/security]}" onto org.springframework.http.ResponseEntity<springfox.documentation.swagger.web.SecurityConfiguration> springfox.documentation.swagger.web.ApiResourceController.securityConfiguration()
2020-04-28 12:25:38.194 [main] INFO  o.springframework.web.servlet.mvc.method.annotation.RequestMappingHandlerMapping - Mapped "{[/error]}" onto public org.springframework.http.ResponseEntity<java.util.Map<java.lang.String, java.lang.Object>> org.springframework.boot.autoconfigure.web.servlet.error.BasicErrorController.error(javax.servlet.http.HttpServletRequest)
2020-04-28 12:25:38.196 [main] INFO  o.springframework.web.servlet.mvc.method.annotation.RequestMappingHandlerMapping - Mapped "{[/error],produces=[text/html]}" onto public org.springframework.web.servlet.ModelAndView org.springframework.boot.autoconfigure.web.servlet.error.BasicErrorController.errorHtml(javax.servlet.http.HttpServletRequest,javax.servlet.http.HttpServletResponse)
2020-04-28 12:25:39.419 [main] INFO  o.springframework.web.servlet.mvc.method.annotation.RequestMappingHandlerAdapter - Looking for @ControllerAdvice: org.springframework.boot.web.servlet.context.AnnotationConfigServletWebServerApplicationContext@10163d6: startup date [Tue Apr 28 12:25:28 CST 2020]; root of context hierarchy
2020-04-28 12:25:39.620 [main] INFO  org.springframework.web.servlet.handler.SimpleUrlHandlerMapping - Mapped URL path [/webjars/**] onto handler of type [class org.springframework.web.servlet.resource.ResourceHttpRequestHandler]
2020-04-28 12:25:39.621 [main] INFO  org.springframework.web.servlet.handler.SimpleUrlHandlerMapping - Mapped URL path [/**] onto handler of type [class org.springframework.web.servlet.resource.ResourceHttpRequestHandler]
2020-04-28 12:25:39.758 [main] INFO  org.springframework.web.servlet.handler.SimpleUrlHandlerMapping - Mapped URL path [/**/favicon.ico] onto handler of type [class org.springframework.web.servlet.resource.ResourceHttpRequestHandler]
2020-04-28 12:25:40.574 [main] INFO  org.springframework.jmx.export.annotation.AnnotationMBeanExporter - Registering beans for JMX exposure on startup
2020-04-28 12:25:40.579 [main] INFO  org.springframework.jmx.export.annotation.AnnotationMBeanExporter - Bean with name 'dataSource' has been autodetected for JMX exposure
2020-04-28 12:25:40.596 [main] INFO  org.springframework.jmx.export.annotation.AnnotationMBeanExporter - Located MBean 'dataSource': registering with JMX server as MBean [com.zaxxer.hikari:name=dataSource,type=HikariDataSource]
2020-04-28 12:25:40.611 [main] INFO  org.springframework.context.support.DefaultLifecycleProcessor - Starting beans in phase 2147483647
2020-04-28 12:25:40.611 [main] INFO  springfox.documentation.spring.web.plugins.DocumentationPluginsBootstrapper - Context refreshed
2020-04-28 12:25:40.659 [main] INFO  springfox.documentation.spring.web.plugins.DocumentationPluginsBootstrapper - Found 1 custom documentation plugin(s)
2020-04-28 12:25:40.704 [main] INFO  springfox.documentation.spring.web.scanners.ApiListingReferenceScanner - Scanning for api listing references
2020-04-28 12:25:41.843 [main] INFO  org.springframework.boot.web.embedded.tomcat.TomcatWebServer - Tomcat started on port(s): 8888 (http) with context path ''
2020-04-28 12:25:41.859 [main] INFO  com.course.model.Application - Started Application in 14.917 seconds (JVM running for 17.311)
2020-04-28 12:26:31.650 [http-nio-8888-exec-1] INFO  org.apache.catalina.core.ContainerBase.[Tomcat].[localhost].[/] - Initializing Spring FrameworkServlet 'dispatcherServlet'
2020-04-28 12:26:31.654 [http-nio-8888-exec-1] INFO  org.springframework.web.servlet.DispatcherServlet - FrameworkServlet 'dispatcherServlet': initialization started
2020-04-28 12:26:31.718 [http-nio-8888-exec-1] INFO  org.springframework.web.servlet.DispatcherServlet - FrameworkServlet 'dispatcherServlet': initialization completed in 64 ms
2020-04-28 12:27:07.104 [http-nio-8888-exec-5] INFO  com.course.model.controller.UserManager - cookies验证通过
2020-04-28 12:27:07.165 [http-nio-8888-exec-5] INFO  com.zaxxer.hikari.HikariDataSource - HikariPool-1 - Starting...
2020-04-28 12:27:07.857 [http-nio-8888-exec-5] INFO  com.zaxxer.hikari.HikariDataSource - HikariPool-1 - Start completed.
2020-04-28 12:27:07.969 [http-nio-8888-exec-5] INFO  com.course.model.controller.UserManager - 添加用户的数量是:1
2020-04-28 12:27:24.500 [http-nio-8888-exec-6] INFO  com.course.model.controller.UserManager - cookies验证通过
2020-04-28 12:27:24.510 [http-nio-8888-exec-6] INFO  com.course.model.controller.UserManager - 添加用户的数量是:1
2020-04-28 12:32:38.453 [http-nio-8888-exec-8] INFO  com.course.model.controller.UserManager - 查看到的结果是1
2020-04-28 12:32:38.781 [http-nio-8888-exec-9] INFO  com.course.model.controller.UserManager - 查看到的结果是0
2020-04-28 12:32:39.172 [http-nio-8888-exec-10] INFO  com.course.model.controller.UserManager - cookies验证通过
2020-04-28 12:32:39.184 [http-nio-8888-exec-10] INFO  com.course.model.controller.UserManager - 添加用户的数量是:1
2020-04-28 12:32:44.538 [http-nio-8888-exec-1] INFO  com.course.model.controller.UserManager - cookies验证通过
2020-04-28 12:32:44.713 [http-nio-8888-exec-1] INFO  com.course.model.controller.UserManager - getUserInfo获取到的用户数量是1
2020-04-28 12:32:50.068 [http-nio-8888-exec-2] INFO  com.course.model.controller.UserManager - cookies验证通过
2020-04-28 12:32:50.083 [http-nio-8888-exec-2] INFO  com.course.model.controller.UserManager - 更新数据的条目数为:1
2020-04-28 12:32:55.381 [http-nio-8888-exec-3] INFO  com.course.model.controller.UserManager - cookies验证通过
2020-04-28 12:32:55.393 [http-nio-8888-exec-3] INFO  com.course.model.controller.UserManager - 更新数据的条目数为:1
2020-04-28 12:33:00.662 [http-nio-8888-exec-9] INFO  com.course.model.controller.UserManager - cookies验证通过
2020-04-28 12:33:00.676 [http-nio-8888-exec-9] INFO  com.course.model.controller.UserManager - getUserInfo获取到的用户数量是1
2020-04-28 12:35:48.457 [http-nio-8888-exec-2] INFO  com.course.model.controller.UserManager - 查看到的结果是1
2020-04-28 12:35:48.696 [http-nio-8888-exec-3] INFO  com.course.model.controller.UserManager - 查看到的结果是0
2020-04-28 12:35:48.934 [http-nio-8888-exec-4] INFO  com.course.model.controller.UserManager - cookies验证通过
2020-04-28 12:35:48.952 [http-nio-8888-exec-4] INFO  com.course.model.controller.UserManager - 添加用户的数量是:1
2020-04-28 12:35:54.252 [http-nio-8888-exec-5] INFO  com.course.model.controller.UserManager - cookies验证通过
2020-04-28 12:35:54.275 [http-nio-8888-exec-5] INFO  com.course.model.controller.UserManager - getUserInfo获取到的用户数量是2
2020-04-28 12:35:59.666 [http-nio-8888-exec-6] INFO  com.course.model.controller.UserManager - cookies验证通过
2020-04-28 12:35:59.673 [http-nio-8888-exec-6] INFO  com.course.model.controller.UserManager - 更新数据的条目数为:1
2020-04-28 12:36:05.157 [http-nio-8888-exec-7] INFO  com.course.model.controller.UserManager - cookies验证通过
2020-04-28 12:36:05.169 [http-nio-8888-exec-7] INFO  com.course.model.controller.UserManager - 更新数据的条目数为:1
2020-04-28 12:36:11.204 [http-nio-8888-exec-3] INFO  com.course.model.controller.UserManager - cookies验证通过
2020-04-28 12:36:11.225 [http-nio-8888-exec-3] INFO  com.course.model.controller.UserManager - getUserInfo获取到的用户数量是1
2020-04-28 12:47:58.586 [http-nio-8888-exec-6] INFO  com.course.model.controller.UserManager - 查看到的结果是1
2020-04-28 12:47:58.642 [http-nio-8888-exec-7] INFO  com.course.model.controller.UserManager - 查看到的结果是0
2020-04-28 12:47:58.713 [http-nio-8888-exec-8] INFO  com.course.model.controller.UserManager - cookies验证通过
2020-04-28 12:47:58.722 [http-nio-8888-exec-8] INFO  com.course.model.controller.UserManager - 添加用户的数量是:1
2020-04-28 12:48:04.013 [http-nio-8888-exec-9] INFO  com.course.model.controller.UserManager - cookies验证通过
2020-04-28 12:48:04.022 [http-nio-8888-exec-9] INFO  com.course.model.controller.UserManager - getUserInfo获取到的用户数量是1
2020-04-28 12:48:09.315 [http-nio-8888-exec-1] INFO  com.course.model.controller.UserManager - cookies验证通过
2020-04-28 12:48:09.328 [http-nio-8888-exec-1] INFO  com.course.model.controller.UserManager - 更新数据的条目数为:1
2020-04-28 12:48:14.616 [http-nio-8888-exec-10] INFO  com.course.model.controller.UserManager - cookies验证通过
2020-04-28 12:48:14.633 [http-nio-8888-exec-10] INFO  com.course.model.controller.UserManager - 更新数据的条目数为:1
2020-04-28 12:48:19.982 [http-nio-8888-exec-7] INFO  com.course.model.controller.UserManager - cookies验证通过
2020-04-28 12:48:19.990 [http-nio-8888-exec-7] INFO  com.course.model.controller.UserManager - getUserInfo获取到的用户数量是1
2020-04-28 12:49:58.382 [http-nio-8888-exec-1] INFO  com.course.model.controller.UserManager - 查看到的结果是1
2020-04-28 12:49:58.721 [http-nio-8888-exec-10] INFO  com.course.model.controller.UserManager - 查看到的结果是0
2020-04-28 12:49:59.138 [http-nio-8888-exec-2] INFO  com.course.model.controller.UserManager - cookies验证通过
2020-04-28 12:49:59.175 [http-nio-8888-exec-2] INFO  com.course.model.controller.UserManager - 添加用户的数量是:1
2020-04-28 12:50:04.589 [http-nio-8888-exec-4] INFO  com.course.model.controller.UserManager - cookies验证通过
2020-04-28 12:50:04.596 [http-nio-8888-exec-4] INFO  com.course.model.controller.UserManager - getUserInfo获取到的用户数量是1
2020-04-28 12:50:09.875 [http-nio-8888-exec-3] INFO  com.course.model.controller.UserManager - cookies验证通过
2020-04-28 12:50:09.883 [http-nio-8888-exec-3] INFO  com.course.model.controller.UserManager - 更新数据的条目数为:1
2020-04-28 12:50:15.204 [http-nio-8888-exec-5] INFO  com.course.model.controller.UserManager - cookies验证通过
2020-04-28 12:50:15.216 [http-nio-8888-exec-5] INFO  com.course.model.controller.UserManager - 更新数据的条目数为:1
2020-04-28 12:50:20.580 [http-nio-8888-exec-10] INFO  com.course.model.controller.UserManager - cookies验证通过
2020-04-28 12:50:20.593 [http-nio-8888-exec-10] INFO  com.course.model.controller.UserManager - getUserInfo获取到的用户数量是1
2020-04-28 12:51:11.403 [http-nio-8888-exec-3] INFO  com.course.model.controller.UserManager - 查看到的结果是1
2020-04-28 12:51:12.132 [http-nio-8888-exec-5] INFO  com.course.model.controller.UserManager - 查看到的结果是0
2020-04-28 12:51:12.856 [http-nio-8888-exec-6] INFO  com.course.model.controller.UserManager - cookies验证通过
2020-04-28 12:51:12.867 [http-nio-8888-exec-6] INFO  com.course.model.controller.UserManager - 添加用户的数量是:1
2020-04-28 12:51:18.130 [http-nio-8888-exec-9] INFO  com.course.model.controller.UserManager - cookies验证通过
2020-04-28 12:51:18.136 [http-nio-8888-exec-9] INFO  com.course.model.controller.UserManager - getUserInfo获取到的用户数量是1
2020-04-28 12:51:23.471 [http-nio-8888-exec-1] INFO  com.course.model.controller.UserManager - cookies验证通过
2020-04-28 12:51:23.479 [http-nio-8888-exec-1] INFO  com.course.model.controller.UserManager - 更新数据的条目数为:1
2020-04-28 12:51:29.092 [http-nio-8888-exec-7] INFO  com.course.model.controller.UserManager - cookies验证通过
2020-04-28 12:51:29.102 [http-nio-8888-exec-7] INFO  com.course.model.controller.UserManager - 更新数据的条目数为:1
2020-04-28 12:51:34.447 [http-nio-8888-exec-5] INFO  com.course.model.controller.UserManager - cookies验证通过
2020-04-28 12:51:34.461 [http-nio-8888-exec-5] INFO  com.course.model.controller.UserManager - getUserInfo获取到的用户数量是1
2020-04-28 12:52:43.409 [http-nio-8888-exec-1] INFO  com.course.model.controller.UserManager - 查看到的结果是1
2020-04-28 12:52:43.676 [http-nio-8888-exec-7] INFO  com.course.model.controller.UserManager - 查看到的结果是0
2020-04-28 12:52:43.974 [http-nio-8888-exec-8] INFO  com.course.model.controller.UserManager - cookies验证通过
2020-04-28 12:52:43.978 [http-nio-8888-exec-8] INFO  com.course.model.controller.UserManager - 添加用户的数量是:1
2020-04-28 12:52:49.419 [http-nio-8888-exec-3] INFO  com.course.model.controller.UserManager - cookies验证通过
2020-04-28 12:52:49.424 [http-nio-8888-exec-3] INFO  com.course.model.controller.UserManager - getUserInfo获取到的用户数量是1
2020-04-28 12:52:54.655 [http-nio-8888-exec-10] INFO  com.course.model.controller.UserManager - cookies验证通过
2020-04-28 12:52:54.667 [http-nio-8888-exec-10] INFO  com.course.model.controller.UserManager - 更新数据的条目数为:1
2020-04-28 12:52:59.986 [http-nio-8888-exec-2] INFO  com.course.model.controller.UserManager - cookies验证通过
2020-04-28 12:53:00.000 [http-nio-8888-exec-2] INFO  com.course.model.controller.UserManager - 更新数据的条目数为:1
2020-04-28 12:53:05.317 [http-nio-8888-exec-7] INFO  com.course.model.controller.UserManager - cookies验证通过
2020-04-28 12:53:05.330 [http-nio-8888-exec-7] INFO  com.course.model.controller.UserManager - getUserInfo获取到的用户数量是1
2020-04-28 14:14:40.473 [http-nio-8888-exec-10] INFO  com.course.model.controller.UserManager - 查看到的结果是1
2020-04-28 14:14:40.639 [http-nio-8888-exec-2] INFO  com.course.model.controller.UserManager - 查看到的结果是0
2020-04-28 14:14:40.829 [http-nio-8888-exec-4] INFO  com.course.model.controller.UserManager - cookies验证通过
2020-04-28 14:14:40.839 [http-nio-8888-exec-4] INFO  com.course.model.controller.UserManager - 添加用户的数量是:1
2020-04-28 14:14:45.992 [http-nio-8888-exec-5] INFO  com.course.model.controller.UserManager - cookies验证通过
2020-04-28 14:14:45.999 [http-nio-8888-exec-5] INFO  com.course.model.controller.UserManager - getUserInfo获取到的用户数量是1
2020-04-28 14:14:51.203 [http-nio-8888-exec-1] INFO  com.course.model.controller.UserManager - cookies验证通过
2020-04-28 14:14:51.209 [http-nio-8888-exec-1] INFO  com.course.model.controller.UserManager - 更新数据的条目数为:1
2020-04-28 14:14:56.512 [http-nio-8888-exec-9] INFO  com.course.model.controller.UserManager - cookies验证通过
2020-04-28 14:14:56.518 [http-nio-8888-exec-9] INFO  com.course.model.controller.UserManager - 更新数据的条目数为:1
2020-04-28 14:15:03.688 [http-nio-8888-exec-2] INFO  com.course.model.controller.UserManager - cookies验证通过
2020-04-28 14:15:03.693 [http-nio-8888-exec-2] INFO  com.course.model.controller.UserManager - getUserInfo获取到的用户数量是1
2020-04-28 16:15:45.735 [http-nio-8888-exec-1] INFO  com.course.model.controller.UserManager - 查看到的结果是1
2020-04-28 16:15:45.826 [http-nio-8888-exec-9] INFO  com.course.model.controller.UserManager - 查看到的结果是0
2020-04-28 16:15:45.913 [http-nio-8888-exec-6] INFO  com.course.model.controller.UserManager - cookies验证通过
2020-04-28 16:15:45.922 [http-nio-8888-exec-6] INFO  com.course.model.controller.UserManager - 添加用户的数量是:1
2020-04-28 16:15:51.020 [http-nio-8888-exec-7] INFO  com.course.model.controller.UserManager - cookies验证通过
2020-04-28 16:15:51.023 [http-nio-8888-exec-7] INFO  com.course.model.controller.UserManager - getUserInfo获取到的用户数量是1
2020-04-28 16:15:56.219 [http-nio-8888-exec-8] INFO  com.course.model.controller.UserManager - cookies验证通过
2020-04-28 16:15:56.233 [http-nio-8888-exec-8] INFO  com.course.model.controller.UserManager - 更新数据的条目数为:1
2020-04-28 16:16:01.375 [http-nio-8888-exec-3] INFO  com.course.model.controller.UserManager - cookies验证通过
2020-04-28 16:16:01.380 [http-nio-8888-exec-3] INFO  com.course.model.controller.UserManager - 更新数据的条目数为:1
2020-04-28 16:16:07.252 [http-nio-8888-exec-9] INFO  com.course.model.controller.UserManager - cookies验证通过
2020-04-28 16:16:07.260 [http-nio-8888-exec-9] INFO  com.course.model.controller.UserManager - getUserInfo获取到的用户数量是1
2020-04-28 16:18:17.463 [http-nio-8888-exec-8] INFO  com.course.model.controller.UserManager - 查看到的结果是1
2020-04-28 16:18:17.528 [http-nio-8888-exec-3] INFO  com.course.model.controller.UserManager - 查看到的结果是0
2020-04-28 16:18:17.611 [http-nio-8888-exec-2] INFO  com.course.model.controller.UserManager - cookies验证通过
2020-04-28 16:18:17.614 [http-nio-8888-exec-2] INFO  com.course.model.controller.UserManager - 添加用户的数量是:1
2020-04-28 16:18:23.441 [http-nio-8888-exec-5] INFO  com.course.model.controller.UserManager - cookies验证通过
2020-04-28 16:18:23.449 [http-nio-8888-exec-5] INFO  com.course.model.controller.UserManager - getUserInfo获取到的用户数量是1
2020-04-28 16:18:28.773 [http-nio-8888-exec-10] INFO  com.course.model.controller.UserManager - cookies验证通过
2020-04-28 16:18:28.781 [http-nio-8888-exec-10] INFO  com.course.model.controller.UserManager - 更新数据的条目数为:1
2020-04-28 16:18:34.281 [http-nio-8888-exec-1] INFO  com.course.model.controller.UserManager - cookies验证通过
2020-04-28 16:18:34.294 [http-nio-8888-exec-1] INFO  com.course.model.controller.UserManager - 更新数据的条目数为:1
2020-04-28 16:18:39.530 [http-nio-8888-exec-3] INFO  com.course.model.controller.UserManager - cookies验证通过
2020-04-28 16:18:39.535 [http-nio-8888-exec-3] INFO  com.course.model.controller.UserManager - getUserInfo获取到的用户数量是1
